file parameter: test/SPECCPU2006/sjeng.bc
Pass Arguments:  -targetlibinfo -datalayout -notti -basictti -x86tti -no-aa -ata -dsa-local -alloc-identify -dsa-stdlib -dsa-bu -dsa-td -dsa-aa -dsnodeequivs -smack-ds-aa -pdg -dot-pdg -verify -verify-di
Target Library Information
Data Layout
No target information
Target independent code generator's TTI
X86 Target Transform Info
No Alias Analysis (always returns 'may' alias)
  ModulePass Manager
    Identify Address Taken Functions
    Local Data Structure Analysis
    Allocator Identification Analysis (find malloc/free wrappers)
      Unnamed pass: implement Pass::getPassName()
    Standard Library Local Data Structure Analysis
    Bottom-up Data Structure Analysis
    Top-down Data Structure Analysis
    Data Structure Analysis Alias Analysis
    Compute DSNode equivalence classes
    Smack - Data Structure Analysis Alias Analysis
    Program Dependency Graph
      Unnamed pass: implement Pass::getPassName()
    FunctionPass Manager
      Print instruction-level program dependency graph of function to 'dot' file
      Module Verifier
    Debug Info Verifier
    Bitcode Writer
Pass Arguments:  -postdomtree -cdg -fda -ddg
  FunctionPass Manager
    Post-Dominator Tree Construction
    Control Dependency Graph
    Flow  Dependence Analysis
    Data Dependency Graph
Pass Arguments:  -domtree -loops
  FunctionPass Manager
    Dominator Tree Construction
    Natural Loop Information
ProgramDependencyGraph::runOnModule
funcMap size = 173
======Global List: ======
PDG 5.780347e-01% completed
------------------------DEBUG finding CallInst---------------------------
allPtrSet.size = 41
PDG 1.156069e+00% completed
------------------------DEBUG finding CallInst---------------------------
allPtrSet.size = 65
PDG 1.734104e+00% completed
------------------------DEBUG finding CallInst---------------------------
allPtrSet.size = 89
PDG 2.312139e+00% completed
------------------------DEBUG finding CallInst---------------------------
allPtrSet.size = 89
PDG 2.890173e+00% completed
------------------------DEBUG finding CallInst---------------------------
allPtrSet.size = 89
llvm.memcpy.p0i8.p0i8.i64 is defined outside!
PDG 3.468208e+00% completed
------------------------DEBUG finding CallInst---------------------------
allPtrSet.size = 145
llvm.memset.p0i8.i64 is defined outside!
strncpy is defined outside!
PDG 4.046243e+00% completed
------------------------DEBUG finding CallInst---------------------------
allPtrSet.size = 148
PDG 4.624277e+00% completed
------------------------DEBUG finding CallInst---------------------------
allPtrSet.size = 150
PDG 5.202312e+00% completed
------------------------DEBUG finding CallInst---------------------------
allPtrSet.size = 152
PDG 5.780347e+00% completed
------------------------DEBUG finding CallInst---------------------------
allPtrSet.size = 162
PDG 6.358382e+00% completed
------------------------DEBUG finding CallInst---------------------------
allPtrSet.size = 171
PDG 6.936416e+00% completed
------------------------DEBUG finding CallInst---------------------------
allPtrSet.size = 180
PDG 7.514451e+00% completed
------------------------DEBUG finding CallInst---------------------------
allPtrSet.size = 189
PDG 8.092486e+00% completed
------------------------DEBUG finding CallInst---------------------------
allPtrSet.size = 189
printf is defined outside!
PDG 8.670520e+00% completed
------------------------DEBUG finding CallInst---------------------------
allPtrSet.size = 200
PDG 9.248555e+00% completed
------------------------DEBUG finding CallInst---------------------------
allPtrSet.size = 207
PDG 9.826590e+00% completed
------------------------DEBUG finding CallInst---------------------------
allPtrSet.size = 219
PDG 1.040462e+01% completed
------------------------DEBUG finding CallInst---------------------------
allPtrSet.size = 219
PDG 1.098266e+01% completed
------------------------DEBUG finding CallInst---------------------------
allPtrSet.size = 220
malloc is defined outside!
exit is defined outside!
PDG 1.156069e+01% completed
------------------------DEBUG finding CallInst---------------------------
allPtrSet.size = 220
free is defined outside!
PDG 1.213873e+01% completed
------------------------DEBUG finding CallInst---------------------------
allPtrSet.size = 283
__ctype_b_loc is defined outside!
atoi is defined outside!
PDG 1.271676e+01% completed
------------------------DEBUG finding CallInst---------------------------
allPtrSet.size = 286
strstr is defined outside!
PDG 1.329480e+01% completed
------------------------DEBUG finding CallInst---------------------------
allPtrSet.size = 310
atol is defined outside!
fopen is defined outside!
fgets is defined outside!
PDG 1.387283e+01% completed
------------------------DEBUG finding CallInst---------------------------
allPtrSet.size = 318
fclose is defined outside!
PDG 1.445087e+01% completed
------------------------DEBUG finding CallInst---------------------------
allPtrSet.size = 378
abs is defined outside!
PDG 1.502890e+01% completed
------------------------DEBUG finding CallInst---------------------------
allPtrSet.size = 488
PDG 1.560694e+01% completed
------------------------DEBUG finding CallInst---------------------------
allPtrSet.size = 567
PDG 1.618497e+01% completed
------------------------DEBUG finding CallInst---------------------------
allPtrSet.size = 572
PDG 1.676301e+01% completed
------------------------DEBUG finding CallInst---------------------------
allPtrSet.size = 579
PDG 1.734104e+01% completed
------------------------DEBUG finding CallInst---------------------------
allPtrSet.size = 586
PDG 1.791908e+01% completed
------------------------DEBUG finding CallInst---------------------------
allPtrSet.size = 591
PDG 1.849711e+01% completed
------------------------DEBUG finding CallInst---------------------------
allPtrSet.size = 596
PDG 1.907514e+01% completed
------------------------DEBUG finding CallInst---------------------------
allPtrSet.size = 831
PDG 1.965318e+01% completed
------------------------DEBUG finding CallInst---------------------------
allPtrSet.size = 927
PDG 2.023121e+01% completed
------------------------DEBUG finding CallInst---------------------------
allPtrSet.size = 936
PDG 2.080925e+01% completed
------------------------DEBUG finding CallInst---------------------------
allPtrSet.size = 937
PDG 2.138728e+01% completed
------------------------DEBUG finding CallInst---------------------------
allPtrSet.size = 943
PDG 2.196532e+01% completed
------------------------DEBUG finding CallInst---------------------------
allPtrSet.size = 951
PDG 2.254335e+01% completed
------------------------DEBUG finding CallInst---------------------------
allPtrSet.size = 958
PDG 2.312139e+01% completed
------------------------DEBUG finding CallInst---------------------------
allPtrSet.size = 966
PDG 2.369942e+01% completed
------------------------DEBUG finding CallInst---------------------------
allPtrSet.size = 973
PDG 2.427746e+01% completed
------------------------DEBUG finding CallInst---------------------------
allPtrSet.size = 974
PDG 2.485549e+01% completed
------------------------DEBUG finding CallInst---------------------------
allPtrSet.size = 1121
PDG 2.543353e+01% completed
------------------------DEBUG finding CallInst---------------------------
allPtrSet.size = 1143
PDG 2.601156e+01% completed
------------------------DEBUG finding CallInst---------------------------
allPtrSet.size = 1303
PDG 2.658960e+01% completed
------------------------DEBUG finding CallInst---------------------------
allPtrSet.size = 1311
PDG 2.716763e+01% completed
------------------------DEBUG finding CallInst---------------------------
allPtrSet.size = 1321
PDG 2.774566e+01% completed
------------------------DEBUG finding CallInst---------------------------
allPtrSet.size = 1447
PDG 2.832370e+01% completed
------------------------DEBUG finding CallInst---------------------------
allPtrSet.size = 1459
PDG 2.890173e+01% completed
------------------------DEBUG finding CallInst---------------------------
allPtrSet.size = 1468
PDG 2.947977e+01% completed
------------------------DEBUG finding CallInst---------------------------
allPtrSet.size = 1476
PDG 3.005780e+01% completed
------------------------DEBUG finding CallInst---------------------------
allPtrSet.size = 1494
PDG 3.063584e+01% completed
------------------------DEBUG finding CallInst---------------------------
allPtrSet.size = 1505
PDG 3.121387e+01% completed
------------------------DEBUG finding CallInst---------------------------
allPtrSet.size = 1513
PDG 3.179191e+01% completed
------------------------DEBUG finding CallInst---------------------------
allPtrSet.size = 1529
PDG 3.236994e+01% completed
------------------------DEBUG finding CallInst---------------------------
allPtrSet.size = 1531
PDG 3.294798e+01% completed
------------------------DEBUG finding CallInst---------------------------
allPtrSet.size = 1755
PDG 3.352601e+01% completed
------------------------DEBUG finding CallInst---------------------------
allPtrSet.size = 1762
PDG 3.410405e+01% completed
------------------------DEBUG finding CallInst---------------------------
allPtrSet.size = 1769
PDG 3.468208e+01% completed
------------------------DEBUG finding CallInst---------------------------
allPtrSet.size = 1769
PDG 3.526012e+01% completed
------------------------DEBUG finding CallInst---------------------------
allPtrSet.size = 1770
PDG 3.583815e+01% completed
------------------------DEBUG finding CallInst---------------------------
allPtrSet.size = 1770
PDG 3.641618e+01% completed
------------------------DEBUG finding CallInst---------------------------
allPtrSet.size = 1774
__isoc99_sscanf is defined outside!
PDG 3.699422e+01% completed
------------------------DEBUG finding CallInst---------------------------
allPtrSet.size = 1803
strncmp is defined outside!
strcpy is defined outside!
PDG 3.757225e+01% completed
------------------------DEBUG finding CallInst---------------------------
allPtrSet.size = 1831
PDG 3.815029e+01% completed
------------------------DEBUG finding CallInst---------------------------
allPtrSet.size = 1835
PDG 3.872832e+01% completed
------------------------DEBUG finding CallInst---------------------------
allPtrSet.size = 1835
PDG 3.930636e+01% completed
------------------------DEBUG finding CallInst---------------------------
allPtrSet.size = 1846
PDG 3.988439e+01% completed
------------------------DEBUG finding CallInst---------------------------
allPtrSet.size = 1848
PDG 4.046243e+01% completed
------------------------DEBUG finding CallInst---------------------------
allPtrSet.size = 1863
PDG 4.104046e+01% completed
------------------------DEBUG finding CallInst---------------------------
allPtrSet.size = 1883
PDG 4.161850e+01% completed
------------------------DEBUG finding CallInst---------------------------
allPtrSet.size = 1893
PDG 4.219653e+01% completed
------------------------DEBUG finding CallInst---------------------------
allPtrSet.size = 1912
PDG 4.277457e+01% completed
------------------------DEBUG finding CallInst---------------------------
allPtrSet.size = 1979
PDG 4.335260e+01% completed
------------------------DEBUG finding CallInst---------------------------
allPtrSet.size = 2012
PDG 4.393064e+01% completed
------------------------DEBUG finding CallInst---------------------------
allPtrSet.size = 2023
PDG 4.450867e+01% completed
------------------------DEBUG finding CallInst---------------------------
allPtrSet.size = 2042
PDG 4.508671e+01% completed
------------------------DEBUG finding CallInst---------------------------
allPtrSet.size = 2144
calloc is defined outside!
PDG 4.566474e+01% completed
------------------------DEBUG finding CallInst---------------------------
allPtrSet.size = 2207
strcat is defined outside!
PDG 4.624277e+01% completed
------------------------DEBUG finding CallInst---------------------------
allPtrSet.size = 2228
PDG 4.682081e+01% completed
------------------------DEBUG finding CallInst---------------------------
allPtrSet.size = 2237
sprintf is defined outside!
PDG 4.739884e+01% completed
------------------------DEBUG finding CallInst---------------------------
allPtrSet.size = 2373
PDG 4.797688e+01% completed
------------------------DEBUG finding CallInst---------------------------
allPtrSet.size = 2378
PDG 4.855491e+01% completed
------------------------DEBUG finding CallInst---------------------------
allPtrSet.size = 2409
PDG 4.913295e+01% completed
------------------------DEBUG finding CallInst---------------------------
allPtrSet.size = 2424
PDG 4.971098e+01% completed
------------------------DEBUG finding CallInst---------------------------
allPtrSet.size = 2535
PDG 5.028902e+01% completed
------------------------DEBUG finding CallInst---------------------------
allPtrSet.size = 2617
PDG 5.086705e+01% completed
------------------------DEBUG finding CallInst---------------------------
allPtrSet.size = 2654
PDG 5.144509e+01% completed
------------------------DEBUG finding CallInst---------------------------
allPtrSet.size = 2665
fputc is defined outside!
fprintf is defined outside!
PDG 5.202312e+01% completed
------------------------DEBUG finding CallInst---------------------------
allPtrSet.size = 2707
PDG 5.260116e+01% completed
------------------------DEBUG finding CallInst---------------------------
allPtrSet.size = 2719
PDG 5.317919e+01% completed
------------------------DEBUG finding CallInst---------------------------
allPtrSet.size = 2754
PDG 5.375723e+01% completed
------------------------DEBUG finding CallInst---------------------------
allPtrSet.size = 2754
PDG 5.433526e+01% completed
------------------------DEBUG finding CallInst---------------------------
allPtrSet.size = 2839
PDG 5.491329e+01% completed
------------------------DEBUG finding CallInst---------------------------
allPtrSet.size = 2844
PDG 5.549133e+01% completed
------------------------DEBUG finding CallInst---------------------------
allPtrSet.size = 2856
PDG 5.606936e+01% completed
------------------------DEBUG finding CallInst---------------------------
allPtrSet.size = 2868
PDG 5.664740e+01% completed
------------------------DEBUG finding CallInst---------------------------
allPtrSet.size = 2875
PDG 5.722543e+01% completed
------------------------DEBUG finding CallInst---------------------------
allPtrSet.size = 2882
PDG 5.780347e+01% completed
------------------------DEBUG finding CallInst---------------------------
allPtrSet.size = 2887
PDG 5.838150e+01% completed
------------------------DEBUG finding CallInst---------------------------
allPtrSet.size = 2892
PDG 5.895954e+01% completed
------------------------DEBUG finding CallInst---------------------------
allPtrSet.size = 2945
setbuf is defined outside!
tolower is defined outside!
strcmp is defined outside!
signal is defined outside!
PDG 5.953757e+01% completed
------------------------DEBUG finding CallInst---------------------------
allPtrSet.size = 2948
PDG 6.011561e+01% completed
------------------------DEBUG finding CallInst---------------------------
allPtrSet.size = 2948
PDG 6.069364e+01% completed
------------------------DEBUG finding CallInst---------------------------
allPtrSet.size = 2951
PDG 6.127168e+01% completed
------------------------DEBUG finding CallInst---------------------------
allPtrSet.size = 2956
PDG 6.184971e+01% completed
------------------------DEBUG finding CallInst---------------------------
allPtrSet.size = 2969
PDG 6.242775e+01% completed
------------------------DEBUG finding CallInst---------------------------
allPtrSet.size = 2999
PDG 6.300578e+01% completed
------------------------DEBUG finding CallInst---------------------------
allPtrSet.size = 3015
PDG 6.358382e+01% completed
------------------------DEBUG finding CallInst---------------------------
allPtrSet.size = 3076
PDG 6.416185e+01% completed
------------------------DEBUG finding CallInst---------------------------
allPtrSet.size = 3090
PDG 6.473988e+01% completed
------------------------DEBUG finding CallInst---------------------------
allPtrSet.size = 3093
PDG 6.531792e+01% completed
------------------------DEBUG finding CallInst---------------------------
allPtrSet.size = 3093
PDG 6.589595e+01% completed
------------------------DEBUG finding CallInst---------------------------
allPtrSet.size = 3095
PDG 6.647399e+01% completed
------------------------DEBUG finding CallInst---------------------------
allPtrSet.size = 3173
PDG 6.705202e+01% completed
------------------------DEBUG finding CallInst---------------------------
allPtrSet.size = 3191
PDG 6.763006e+01% completed
------------------------DEBUG finding CallInst---------------------------
allPtrSet.size = 3205
PDG 6.820809e+01% completed
------------------------DEBUG finding CallInst---------------------------
allPtrSet.size = 3205
PDG 6.878613e+01% completed
------------------------DEBUG finding CallInst---------------------------
allPtrSet.size = 3219
PDG 6.936416e+01% completed
------------------------DEBUG finding CallInst---------------------------
allPtrSet.size = 3244
PDG 6.994220e+01% completed
------------------------DEBUG finding CallInst---------------------------
allPtrSet.size = 3256
PDG 7.052023e+01% completed
------------------------DEBUG finding CallInst---------------------------
allPtrSet.size = 3265
PDG 7.109827e+01% completed
------------------------DEBUG finding CallInst---------------------------
allPtrSet.size = 3273
PDG 7.167630e+01% completed
------------------------DEBUG finding CallInst---------------------------
allPtrSet.size = 3278
PDG 7.225434e+01% completed
------------------------DEBUG finding CallInst---------------------------
allPtrSet.size = 3282
PDG 7.283237e+01% completed
------------------------DEBUG finding CallInst---------------------------
allPtrSet.size = 3292
PDG 7.341040e+01% completed
------------------------DEBUG finding CallInst---------------------------
allPtrSet.size = 3294
PDG 7.398844e+01% completed
------------------------DEBUG finding CallInst---------------------------
allPtrSet.size = 3294
PDG 7.456647e+01% completed
------------------------DEBUG finding CallInst---------------------------
allPtrSet.size = 3300
PDG 7.514451e+01% completed
------------------------DEBUG finding CallInst---------------------------
allPtrSet.size = 3306
PDG 7.572254e+01% completed
------------------------DEBUG finding CallInst---------------------------
allPtrSet.size = 3312
PDG 7.630058e+01% completed
------------------------DEBUG finding CallInst---------------------------
allPtrSet.size = 3313
PDG 7.687861e+01% completed
------------------------DEBUG finding CallInst---------------------------
allPtrSet.size = 3318
PDG 7.745665e+01% completed
------------------------DEBUG finding CallInst---------------------------
allPtrSet.size = 3322
difftime is defined outside!
PDG 7.803468e+01% completed
------------------------DEBUG finding CallInst---------------------------
allPtrSet.size = 3341
_IO_getc is defined outside!
PDG 7.861272e+01% completed
------------------------DEBUG finding CallInst---------------------------
allPtrSet.size = 3341
PDG 7.919075e+01% completed
------------------------DEBUG finding CallInst---------------------------
allPtrSet.size = 3346
PDG 7.976879e+01% completed
------------------------DEBUG finding CallInst---------------------------
allPtrSet.size = 3351
PDG 8.034682e+01% completed
------------------------DEBUG finding CallInst---------------------------
allPtrSet.size = 3351
PDG 8.092486e+01% completed
------------------------DEBUG finding CallInst---------------------------
allPtrSet.size = 3374
PDG 8.150289e+01% completed
------------------------DEBUG finding CallInst---------------------------
allPtrSet.size = 3376
PDG 8.208092e+01% completed
------------------------DEBUG finding CallInst---------------------------
allPtrSet.size = 3386
PDG 8.265896e+01% completed
------------------------DEBUG finding CallInst---------------------------
allPtrSet.size = 3411
PDG 8.323699e+01% completed
------------------------DEBUG finding CallInst---------------------------
allPtrSet.size = 3415
functions count = 144
Writing 'pdgragh.calc_attackers.dot'...
Writing 'pdgragh.is_attacked.dot'...
Writing 'pdgragh.nk_attacked.dot'...
Writing 'pdgragh.init_book.dot'...
Writing 'pdgragh.choose_book_move.dot'...
Writing 'pdgragh.ProcessHoldings.dot'...
Writing 'pdgragh.text_to_piece.dot'...
Writing 'pdgragh.SwitchColor.dot'...
Writing 'pdgragh.SwitchPromoted.dot'...
Writing 'pdgragh.addHolding.dot'...
Writing 'pdgragh.removeHolding.dot'...
Writing 'pdgragh.DropaddHolding.dot'...
Writing 'pdgragh.DropremoveHolding.dot'...
Writing 'pdgragh.printHolding.dot'...
Writing 'pdgragh.is_draw.dot'...
Writing 'pdgragh.storeECache.dot'...
Writing 'pdgragh.checkECache.dot'...
Writing 'pdgragh.reset_ecache.dot'...
Writing 'pdgragh.alloc_ecache.dot'...
Writing 'pdgragh.free_ecache.dot'...
Writing 'pdgragh.setup_epd_line.dot'...
Writing 'pdgragh.check_solution.dot'...
Writing 'pdgragh.run_epd_testsuite.dot'...
Writing 'pdgragh.run_autotest.dot'...
Writing 'pdgragh.initialize_eval.dot'...
Writing 'pdgragh.eval.dot'...
Writing 'pdgragh.losers_eval.dot'...
Writing 'pdgragh.l_pawn_mobility.dot'...
Writing 'pdgragh.l_rook_mobility.dot'...
Writing 'pdgragh.l_bishop_mobility.dot'...
Writing 'pdgragh.l_knight_mobility.dot'...
Writing 'pdgragh.l_king_mobility.dot'...
Writing 'pdgragh.check_legal.dot'...
Writing 'pdgragh.gen.dot'...
Writing 'pdgragh.push_pawn.dot'...
Writing 'pdgragh.push_pawn_simple.dot'...
Writing 'pdgragh.push_knighT.dot'...
Writing 'pdgragh.push_slidE.dot'...
Writing 'pdgragh.push_king.dot'...
Writing 'pdgragh.push_king_castle.dot'...
Writing 'pdgragh.try_drop.dot'...
Writing 'pdgragh.in_check.dot'...
Writing 'pdgragh.f_in_check.dot'...
Writing 'pdgragh.extended_in_check.dot'...
Writing 'pdgragh.make.dot'...
Writing 'pdgragh.add_move.dot'...
Writing 'pdgragh.add_capture.dot'...
Writing 'pdgragh.unmake.dot'...
Writing 'pdgragh.check_phase.dot'...
Writing 'pdgragh.King.dot'...
Writing 'pdgragh.Queen.dot'...
Writing 'pdgragh.Rook.dot'...
Writing 'pdgragh.Bishop.dot'...
Writing 'pdgragh.Knight.dot'...
Writing 'pdgragh.Pawn.dot'...
Writing 'pdgragh.ErrorIt.dot'...
Writing 'pdgragh.std_eval.dot'...
Writing 'pdgragh.rook_mobility.dot'...
Writing 'pdgragh.bishop_mobility.dot'...
Writing 'pdgragh.ResetHandValue.dot'...
Writing 'pdgragh.BegForPartner.dot'...
Writing 'pdgragh.GreetPartner.dot'...
Writing 'pdgragh.HandlePartner.dot'...
Writing 'pdgragh.HandlePtell.dot'...
Writing 'pdgragh.CheckBadFlow.dot'...
Writing 'pdgragh.Xmalloc.dot'...
Writing 'pdgragh.Xfree.dot'...
Writing 'pdgragh.freenodes.dot'...
Writing 'pdgragh.pn_eval.dot'...
Writing 'pdgragh.suicide_pn_eval.dot'...
Writing 'pdgragh.losers_pn_eval.dot'...
Writing 'pdgragh.std_pn_eval.dot'...
Writing 'pdgragh.select_most_proving.dot'...
Writing 'pdgragh.set_proof_and_disproof_numbers.dot'...
Writing 'pdgragh.develop_node.dot'...
Writing 'pdgragh.update_ancestors.dot'...
Writing 'pdgragh.pn2_eval.dot'...
Writing 'pdgragh.proofnumberscan.dot'...
Writing 'pdgragh.proofnumbersearch.dot'...
Writing 'pdgragh.proofnumbercheck.dot'...
Writing 'pdgragh.read_rcfile.dot'...
Writing 'pdgragh.order_moves.dot'...
Writing 'pdgragh.perft.dot'...
Writing 'pdgragh.qsearch.dot'...
Writing 'pdgragh.remove_one.dot'...
Writing 'pdgragh.search.dot'...
Writing 'pdgragh.search_root.dot'...
Writing 'pdgragh.think.dot'...
Writing 'pdgragh.tree.dot'...
Writing 'pdgragh.setup_attackers.dot'...
Writing 'pdgragh.findlowest.dot'...
Writing 'pdgragh.see.dot'...
Writing 'pdgragh.suicide_eval.dot'...
Writing 'pdgragh.suicide_mid_eval.dot'...
Writing 'pdgragh.s_pawn_mobility.dot'...
Writing 'pdgragh.black_saccers.dot'...
Writing 'pdgragh.white_saccers.dot'...
Writing 'pdgragh.s_rook_mobility.dot'...
Writing 'pdgragh.s_bishop_mobility.dot'...
Writing 'pdgragh.s_knight_mobility.dot'...
Writing 'pdgragh.s_king_mobility.dot'...
Writing 'pdgragh.main.dot'...
Writing 'pdgragh.clear_tt.dot'...
Writing 'pdgragh.clear_dp_tt.dot'...
Writing 'pdgragh.initialize_zobrist.dot'...
Writing 'pdgragh.initialize_hash.dot'...
Writing 'pdgragh.QStoreTT.dot'...
Writing 'pdgragh.StoreTT.dot'...
Writing 'pdgragh.LearnStoreTT.dot'...
Writing 'pdgragh.ProbeTT.dot'...
Writing 'pdgragh.QProbeTT.dot'...
Writing 'pdgragh.alloc_hash.dot'...
Writing 'pdgragh.free_hash.dot'...
Writing 'pdgragh.allocate_time.dot'...
Writing 'pdgragh.comp_to_san.dot'...
Writing 'pdgragh.comp_to_coord.dot'...
Writing 'pdgragh.display_board.dot'...
Writing 'pdgragh.init_game.dot'...
Writing 'pdgragh.reset_piece_square.dot'...
Writing 'pdgragh.is_move.dot'...
Writing 'pdgragh.perft_debug.dot'...
Writing 'pdgragh.rinput.dot'...
Writing 'pdgragh.verify_coord.dot'...
Writing 'pdgragh.hash_extract_pv.dot'...
Writing 'pdgragh.stringize_pv.dot'...
Writing 'pdgragh.post_thinking.dot'...
Writing 'pdgragh.rdifftime.dot'...
Writing 'pdgragh.rtime.dot'...
Writing 'pdgragh.post_fail_thinking.dot'...
Writing 'pdgragh.post_fh_thinking.dot'...
Writing 'pdgragh.post_fl_thinking.dot'...
Writing 'pdgragh.post_stat_thinking.dot'...
Writing 'pdgragh.print_move.dot'...
Writing 'pdgragh.rdelay.dot'...
Writing 'pdgragh.check_piece_square.dot'...
Writing 'pdgragh.start_up.dot'...
Writing 'pdgragh.toggle_bool.dot'...
Writing 'pdgragh.tree_debug.dot'...
Writing 'pdgragh.interrupt.dot'...
Writing 'pdgragh.PutPiece.dot'...
Writing 'pdgragh.reset_board.dot'...
Writing 'pdgragh.seedMT.dot'...
Writing 'pdgragh.reloadMT.dot'...
Writing 'pdgragh.randomMT.dot'...
===-------------------------------------------------------------------------===
                      ... Pass execution timing report ...
===-------------------------------------------------------------------------===
  Total Execution Time: 0.3920 seconds (0.3937 wall clock)

   ---User Time---   --System Time--   --User+System--   ---Wall Time---  --- Name ---
   0.1200 ( 30.9%)   0.0000 (  0.0%)   0.1200 ( 30.6%)   0.1236 ( 31.4%)  Compute DSNode equivalence classes
   0.1080 ( 27.8%)   0.0000 (  0.0%)   0.1080 ( 27.6%)   0.1097 ( 27.9%)  Local Data Structure Analysis
   0.0560 ( 14.4%)   0.0000 (  0.0%)   0.0560 ( 14.3%)   0.0508 ( 12.9%)  Top-down Data Structure Analysis
   0.0400 ( 10.3%)   0.0000 (  0.0%)   0.0400 ( 10.2%)   0.0402 ( 10.2%)  Bottom-up Data Structure Analysis
   0.0200 (  5.2%)   0.0000 (  0.0%)   0.0200 (  5.1%)   0.0201 (  5.1%)  Program Dependency Graph
   0.0200 (  5.2%)   0.0000 (  0.0%)   0.0200 (  5.1%)   0.0191 (  4.9%)  Standard Library Local Data Structure Analysis
   0.0160 (  4.1%)   0.0000 (  0.0%)   0.0160 (  4.1%)   0.0172 (  4.4%)  Bitcode Writer
   0.0040 (  1.0%)   0.0040 (100.0%)   0.0080 (  2.0%)   0.0063 (  1.6%)  Module Verifier
   0.0040 (  1.0%)   0.0000 (  0.0%)   0.0040 (  1.0%)   0.0030 (  0.8%)  Smack - Data Structure Analysis Alias Analysis
   0.0000 (  0.0%)   0.0000 (  0.0%)   0.0000 (  0.0%)   0.0025 (  0.6%)  Print instruction-level program dependency graph of function to 'dot' file
   0.0000 (  0.0%)   0.0000 (  0.0%)   0.0000 (  0.0%)   0.0010 (  0.3%)  Identify Address Taken Functions
   0.0000 (  0.0%)   0.0000 (  0.0%)   0.0000 (  0.0%)   0.0001 (  0.0%)  Allocator Identification Analysis (find malloc/free wrappers)
   0.0000 (  0.0%)   0.0000 (  0.0%)   0.0000 (  0.0%)   0.0000 (  0.0%)  Data Structure Analysis Alias Analysis
   0.0000 (  0.0%)   0.0000 (  0.0%)   0.0000 (  0.0%)   0.0000 (  0.0%)  Debug Info Verifier
   0.3880 (100.0%)   0.0040 (100.0%)   0.3920 (100.0%)   0.3937 (100.0%)  Total

===-------------------------------------------------------------------------===
                                LLVM IR Parsing
===-------------------------------------------------------------------------===
  Total Execution Time: 0.0400 seconds (0.0371 wall clock)

   ---User Time---   --User+System--   ---Wall Time---  --- Name ---
   0.0400 (100.0%)   0.0400 (100.0%)   0.0371 (100.0%)  Parse IR
   0.0400 (100.0%)   0.0400 (100.0%)   0.0371 (100.0%)  Total

building program dependency graph...
Done, please enter /visualization and view
